<?xml version="1.0" encoding="UTF-8"?>
<testsuite name="SnakeTest" tests="6" skipped="0" failures="0" errors="0" timestamp="2014-09-19T19:29:52" hostname="ivans-machine" time="1.318">
  <properties/>
  <testcase name="testEndPoints" classname="SnakeTest" time="0.0"/>
  <testcase name="testCreation" classname="SnakeTest" time="0.004"/>
  <testcase name="testCreationFromData13_6" classname="SnakeTest" time="0.0"/>
  <testcase name="testEndPoints" classname="SnakeTest" time="0.0"/>
  <testcase name="testCreation" classname="SnakeTest" time="0.002"/>
  <testcase name="testCreationFromData13_6" classname="SnakeTest" time="0.0"/>
  <system-out><![CDATA[]]></system-out>
  <system-err><![CDATA[]]></system-err>
</testsuite>
