<?xml version="1.1" encoding="UTF-8"?>
<testsuite name="AvoidanceTest" tests="2" failures="0" errors="0" timestamp="2014-08-28T21:00:15" hostname="dirty-mac" time="0.326">
  <properties/>
  <testcase name="testDecideMove" classname="AvoidanceTest" time="0.03"/>
  <testcase name="testDecideMove" classname="AvoidanceTest" time="0.003"/>
  <system-out><![CDATA[]]></system-out>
  <system-err><![CDATA[]]></system-err>
</testsuite>
