<?xml version="1.0" encoding="UTF-8"?>
<testsuite name="SnakeTest" tests="4" skipped="0" failures="0" errors="0" timestamp="2014-09-10T21:57:24" hostname="ivans-machine" time="0.181">
  <properties/>
  <testcase name="testEndPoints" classname="SnakeTest" time="0.001"/>
  <testcase name="testCreation" classname="SnakeTest" time="0.004"/>
  <testcase name="testEndPoints" classname="SnakeTest" time="0.001"/>
  <testcase name="testCreation" classname="SnakeTest" time="0.003"/>
  <system-out><![CDATA[]]></system-out>
  <system-err><![CDATA[]]></system-err>
</testsuite>
