<?xml version="1.0" encoding="UTF-8"?>
<testsuite name="SimpleAStarTest" tests="2" skipped="0" failures="0" errors="0" timestamp="2014-08-29T17:49:22" hostname="ivans-machine" time="0.06">
  <properties/>
  <testcase name="testDecideMove" classname="SimpleAStarTest" time="0.006"/>
  <testcase name="testDecideMove" classname="SimpleAStarTest" time="0.001"/>
  <system-out><![CDATA[]]></system-out>
  <system-err><![CDATA[]]></system-err>
</testsuite>
