<?xml version="1.0" encoding="UTF-8"?>
<testsuite name="GameStateTest" tests="2" skipped="0" failures="0" errors="0" timestamp="2014-09-19T15:16:05" hostname="ivans-machine" time="1.325">
  <properties/>
  <testcase name="testCreation" classname="GameStateTest" time="0.007"/>
  <testcase name="testCreation" classname="GameStateTest" time="0.001"/>
  <system-out><![CDATA[]]></system-out>
  <system-err><![CDATA[]]></system-err>
</testsuite>
