<?xml version="1.0" encoding="UTF-8"?>
<testsuite name="GameStateTest" tests="2" skipped="0" failures="0" errors="0" timestamp="2014-08-29T17:49:22" hostname="ivans-machine" time="0.073">
  <properties/>
  <testcase name="testCreation" classname="GameStateTest" time="0.001"/>
  <testcase name="testCreation" classname="GameStateTest" time="0.0"/>
  <system-out><![CDATA[]]></system-out>
  <system-err><![CDATA[]]></system-err>
</testsuite>
