<?xml version="1.0" encoding="UTF-8"?>
<testsuite name="PointTest" tests="6" skipped="0" failures="0" errors="0" timestamp="2014-08-29T18:59:20" hostname="ivans-machine" time="0.087">
  <properties/>
  <testcase name="testPointCreation" classname="PointTest" time="0.0"/>
  <testcase name="testEquals" classname="PointTest" time="0.0"/>
  <testcase name="testPointsBetween" classname="PointTest" time="0.0"/>
  <testcase name="testPointCreation" classname="PointTest" time="0.0"/>
  <testcase name="testEquals" classname="PointTest" time="0.001"/>
  <testcase name="testPointsBetween" classname="PointTest" time="0.0"/>
  <system-out><![CDATA[]]></system-out>
  <system-err><![CDATA[]]></system-err>
</testsuite>
