<?xml version="1.0" encoding="UTF-8"?>
<testsuite name="GameStateTest" tests="2" skipped="0" failures="0" errors="0" timestamp="2014-09-11T20:49:16" hostname="ivans-machine" time="0.463">
  <properties/>
  <testcase name="testCreation" classname="GameStateTest" time="0.0"/>
  <testcase name="testCreation" classname="GameStateTest" time="0.0"/>
  <system-out><![CDATA[]]></system-out>
  <system-err><![CDATA[]]></system-err>
</testsuite>
