<?xml version="1.1" encoding="UTF-8"?>
<testsuite name="SimpleAStarTest" tests="2" failures="0" errors="0" timestamp="2014-08-28T21:00:15" hostname="dirty-mac" time="0.178">
  <properties/>
  <testcase name="testDecideMove" classname="SimpleAStarTest" time="0.001"/>
  <testcase name="testDecideMove" classname="SimpleAStarTest" time="0.001"/>
  <system-out><![CDATA[]]></system-out>
  <system-err><![CDATA[]]></system-err>
</testsuite>
