<?xml version="1.1" encoding="UTF-8"?>
<testsuite name="GameStateTest" tests="2" failures="0" errors="0" timestamp="2014-08-28T21:00:15" hostname="dirty-mac" time="0.166">
  <properties/>
  <testcase name="testCreation" classname="GameStateTest" time="0.0"/>
  <testcase name="testCreation" classname="GameStateTest" time="0.0"/>
  <system-out><![CDATA[]]></system-out>
  <system-err><![CDATA[]]></system-err>
</testsuite>
