<?xml version="1.1" encoding="UTF-8"?>
<testsuite name="SnakeTest" tests="4" failures="0" errors="0" timestamp="2014-08-28T21:00:15" hostname="dirty-mac" time="0.176">
  <properties/>
  <testcase name="testEndPoints" classname="SnakeTest" time="0.001"/>
  <testcase name="testCreation" classname="SnakeTest" time="0.035"/>
  <testcase name="testEndPoints" classname="SnakeTest" time="0.0"/>
  <testcase name="testCreation" classname="SnakeTest" time="0.0"/>
  <system-out><![CDATA[]]></system-out>
  <system-err><![CDATA[]]></system-err>
</testsuite>
