<?xml version="1.0" encoding="UTF-8"?>
<testsuite name="AvoidanceTest" tests="1" skipped="0" failures="0" errors="0" timestamp="2014-08-29T10:01:33" hostname="ivans-machine" time="0.007">
  <properties/>
  <testcase name="testDecideMove" classname="AvoidanceTest" time="0.007"/>
  <system-out><![CDATA[]]></system-out>
  <system-err><![CDATA[]]></system-err>
</testsuite>
